<?xml version="1.0" encoding="UTF-8"?>
<testsuite name="Cucumber" time="156.671" tests="5" skipped="0" failures="0" errors="0">
<testcase classname="Document to test Amazon" name="Amazon uid test" time="75.269">
<system-out><![CDATA[
Given browser "firefox" opens and get website "https://www.amazon.in/"......passed
And click signin............................................................passed
When I enter valid userid "23decanuj@gmail.com".............................passed
And click continue button...................................................passed
Then password textbox must come.............................................passed
]]></system-out>
</testcase>
<testcase classname="Document to test Amazon" name="Amazon pwd test" time="36.005">
<system-out><![CDATA[
Given userid is valid.......................................................passed
When i enter valid password "Rays@hab23"....................................passed
And click submit button.....................................................passed
Then I should login.........................................................passed
]]></system-out>
</testcase>
<testcase classname="Document to test Amazon" name=" - Example #1.1" time="16.057">
<system-out><![CDATA[
Given i open "firefox" and goto "https://www.facebook.com/".................passed
When i enter userid afgd and password fgtre.................................passed
And click login button......................................................passed
Then get message............................................................passed
]]></system-out>
</testcase>
<testcase classname="Document to test Amazon" name=" - Example #1.2" time="15.62">
<system-out><![CDATA[
Given i open "firefox" and goto "https://www.facebook.com/".................passed
When i enter userid jgff and password kjgtj.................................passed
And click login button......................................................passed
Then get message............................................................passed
]]></system-out>
</testcase>
<testcase classname="Document to test Amazon" name=" - Example #1.3" time="13.083">
<system-out><![CDATA[
Given i open "firefox" and goto "https://www.facebook.com/".................passed
When i enter userid nbgg and password mbfg..................................passed
And click login button......................................................passed
Then get message............................................................passed
]]></system-out>
</testcase>
</testsuite>
