<?xml version="1.0" encoding="UTF-8"?>
<testsuite name="Cucumber" time="138.129" tests="2" skipped="0" failures="0" errors="0">
<testcase classname="Document to test Amazon" name="Amazon uid test" time="75.485">
<system-out><![CDATA[
Given browser "firefox" opens and get website "https://www.amazon.in/"......passed
And click signin............................................................passed
When I enter valid userid "23decanuj@gmail.com".............................passed
And click continue button...................................................passed
Then password textbox must come.............................................passed
]]></system-out>
</testcase>
<testcase classname="Document to test Amazon" name="Amazon pwd test" time="62.128">
<system-out><![CDATA[
Given userid is valid.......................................................passed
When i enter valid password "Rays@hab23"....................................passed
And click submit button.....................................................passed
Then I should login.........................................................passed
]]></system-out>
</testcase>
</testsuite>
